[0.000000] (-) TimerEvent: {}
[0.000091] (pcl_example) JobQueued: {'identifier': 'pcl_example', 'dependencies': OrderedDict()}
[0.000131] (pcl_example) JobStarted: {'identifier': 'pcl_example'}
[0.008618] (pcl_example) JobProgress: {'identifier': 'pcl_example', 'progress': 'cmake'}
[0.009498] (pcl_example) JobProgress: {'identifier': 'pcl_example', 'progress': 'build'}
[0.009985] (pcl_example) Command: {'cmd': ['/usr/bin/cmake', '--build', '/home/ws/src/pcl_example/build/pcl_example', '--', '-j20', '-l20'], 'cwd': '/home/ws/src/pcl_example/build/pcl_example', 'env': OrderedDict([('LESSOPEN', '| /usr/bin/lesspipe %s'), ('HOSTNAME', 'boragunes'), ('GIT_ASKPASS', '/vscode/vscode-server/bin/linux-x64/b1c0a14de1414fcdaa400695b4db1c0799bc3124/extensions/git/dist/askpass.sh'), ('SHLVL', '2'), ('LD_LIBRARY_PATH', '/opt/ros/humble/opt/rviz_ogre_vendor/lib:/opt/ros/humble/lib/x86_64-linux-gnu:/opt/ros/humble/lib'), ('BROWSER', '/vscode/vscode-server/bin/linux-x64/b1c0a14de1414fcdaa400695b4db1c0799bc3124/bin/helpers/browser.sh'), ('HOME', '/home/boragunes'), ('TERM_PROGRAM_VERSION', '1.92.0'), ('VSCODE_IPC_HOOK_CLI', '/tmp/vscode-ipc-60b6cc52-1064-40ae-9c87-0deb05a120ad.sock'), ('ROS_PYTHON_VERSION', '3'), ('VSCODE_GIT_ASKPASS_MAIN', '/vscode/vscode-server/bin/linux-x64/b1c0a14de1414fcdaa400695b4db1c0799bc3124/extensions/git/dist/askpass-main.js'), ('VSCODE_GIT_ASKPASS_NODE', '/vscode/vscode-server/bin/linux-x64/b1c0a14de1414fcdaa400695b4db1c0799bc3124/node'), ('COLORTERM', 'truecolor'), ('REMOTE_CONTAINERS', 'true'), ('_colcon_cd_root', '/opt/ros/humble/'), ('COLCON_PREFIX_PATH', '/home/ws/src/pcl_example/install'), ('ROS_DISTRO', 'humble'), ('REMOTE_CONTAINERS_IPC', '/tmp/vscode-remote-containers-ipc-941500fa-cfec-4182-8d53-2123507c4aaa.sock'), ('_', '/usr/bin/colcon'), ('ROS_VERSION', '2'), ('TERM', 'xterm-256color'), ('ROS_LOCALHOST_ONLY', '1'), ('PATH', '/vscode/vscode-server/bin/linux-x64/b1c0a14de1414fcdaa400695b4db1c0799bc3124/bin/remote-cli:/opt/ros/humble/bin:/usr/local/sbin:/usr/local/bin:/usr/sbin:/usr/bin:/sbin:/bin'), ('REMOTE_CONTAINERS_SOCKETS', '["/tmp/vscode-ssh-auth-941500fa-cfec-4182-8d53-2123507c4aaa.sock","/home/boragunes/.gnupg/S.gpg-agent"]'), ('DISPLAY', ':1'), ('LANG', 'C.UTF-8'), ('LS_COLORS', 'rs=0:di=01;34:ln=01;36:mh=00:pi=40;33:so=01;35:do=01;35:bd=40;33;01:cd=40;33;01:or=40;31;01:mi=00:su=37;41:sg=30;43:ca=30;41:tw=30;42:ow=34;42:st=37;44:ex=01;32:*.tar=01;31:*.tgz=01;31:*.arc=01;31:*.arj=01;31:*.taz=01;31:*.lha=01;31:*.lz4=01;31:*.lzh=01;31:*.lzma=01;31:*.tlz=01;31:*.txz=01;31:*.tzo=01;31:*.t7z=01;31:*.zip=01;31:*.z=01;31:*.dz=01;31:*.gz=01;31:*.lrz=01;31:*.lz=01;31:*.lzo=01;31:*.xz=01;31:*.zst=01;31:*.tzst=01;31:*.bz2=01;31:*.bz=01;31:*.tbz=01;31:*.tbz2=01;31:*.tz=01;31:*.deb=01;31:*.rpm=01;31:*.jar=01;31:*.war=01;31:*.ear=01;31:*.sar=01;31:*.rar=01;31:*.alz=01;31:*.ace=01;31:*.zoo=01;31:*.cpio=01;31:*.7z=01;31:*.rz=01;31:*.cab=01;31:*.wim=01;31:*.swm=01;31:*.dwm=01;31:*.esd=01;31:*.jpg=01;35:*.jpeg=01;35:*.mjpg=01;35:*.mjpeg=01;35:*.gif=01;35:*.bmp=01;35:*.pbm=01;35:*.pgm=01;35:*.ppm=01;35:*.tga=01;35:*.xbm=01;35:*.xpm=01;35:*.tif=01;35:*.tiff=01;35:*.png=01;35:*.svg=01;35:*.svgz=01;35:*.mng=01;35:*.pcx=01;35:*.mov=01;35:*.mpg=01;35:*.mpeg=01;35:*.m2v=01;35:*.mkv=01;35:*.webm=01;35:*.webp=01;35:*.ogm=01;35:*.mp4=01;35:*.m4v=01;35:*.mp4v=01;35:*.vob=01;35:*.qt=01;35:*.nuv=01;35:*.wmv=01;35:*.asf=01;35:*.rm=01;35:*.rmvb=01;35:*.flc=01;35:*.avi=01;35:*.fli=01;35:*.flv=01;35:*.gl=01;35:*.dl=01;35:*.xcf=01;35:*.xwd=01;35:*.yuv=01;35:*.cgm=01;35:*.emf=01;35:*.ogv=01;35:*.ogx=01;35:*.aac=00;36:*.au=00;36:*.flac=00;36:*.m4a=00;36:*.mid=00;36:*.midi=00;36:*.mka=00;36:*.mp3=00;36:*.mpc=00;36:*.ogg=00;36:*.ra=00;36:*.wav=00;36:*.oga=00;36:*.opus=00;36:*.spx=00;36:*.xspf=00;36:'), ('VSCODE_GIT_IPC_HANDLE', '/tmp/vscode-git-d9ed358602.sock'), ('TERM_PROGRAM', 'vscode'), ('SSH_AUTH_SOCK', '/tmp/vscode-ssh-auth-941500fa-cfec-4182-8d53-2123507c4aaa.sock'), ('ROS_DOMAIN_ID', '42'), ('AMENT_PREFIX_PATH', '/home/ws/src/pcl_example/install/pcl_example:/opt/ros/humble'), ('SHELL', '/bin/bash'), ('LESSCLOSE', '/usr/bin/lesspipe %s %s'), ('VSCODE_GIT_ASKPASS_EXTRA_ARGS', ''), ('PWD', '/home/ws/src/pcl_example/build/pcl_example'), ('LC_ALL', 'C.UTF-8'), ('PYTHONPATH', '/opt/ros/humble/lib/python3.10/site-packages:/opt/ros/humble/local/lib/python3.10/dist-packages'), ('COLCON', '1'), ('CMAKE_PREFIX_PATH', '/home/ws/src/pcl_example/install/pcl_example:/opt/ros/humble')]), 'shell': False}
[0.040116] (pcl_example) StdoutLine: {'line': b'\x1b[35m\x1b[1mConsolidate compiler generated dependencies of target pcl_example_node\x1b[0m\n'}
[0.058130] (pcl_example) StdoutLine: {'line': b'[ 33%] \x1b[32mBuilding CXX object CMakeFiles/pcl_example_node.dir/src/pcl_example_node.cpp.o\x1b[0m\n'}
[0.060464] (pcl_example) StdoutLine: {'line': b'[ 66%] \x1b[32mBuilding CXX object CMakeFiles/pcl_example_node.dir/src/pcl_example.cpp.o\x1b[0m\n'}
[0.099670] (-) TimerEvent: {}
[0.200034] (-) TimerEvent: {}
[0.300390] (-) TimerEvent: {}
[0.400622] (-) TimerEvent: {}
[0.500940] (-) TimerEvent: {}
[0.601344] (-) TimerEvent: {}
[0.701694] (-) TimerEvent: {}
[0.801965] (-) TimerEvent: {}
[0.902297] (-) TimerEvent: {}
[1.002753] (-) TimerEvent: {}
[1.103067] (-) TimerEvent: {}
[1.203419] (-) TimerEvent: {}
[1.303745] (-) TimerEvent: {}
[1.404105] (-) TimerEvent: {}
[1.487451] (pcl_example) StderrLine: {'line': b'In file included from \x1b[01m\x1b[K/home/ws/src/pcl_example/src/pcl_example_node.cpp:16\x1b[m\x1b[K:\n'}
[1.487635] (pcl_example) StderrLine: {'line': b'\x1b[01m\x1b[K/home/ws/src/pcl_example/include/pcl_example/pcl_example_node.hpp:59:23:\x1b[m\x1b[K \x1b[01;31m\x1b[Kerror: \x1b[m\x1b[K\xe2\x80\x98\x1b[01m\x1b[Knav_msgs\x1b[m\x1b[K\xe2\x80\x99 was not declared in this scope\n'}
[1.487719] (pcl_example) StderrLine: {'line': b'   59 |     rclcpp::Publisher<\x1b[01;31m\x1b[Knav_msgs\x1b[m\x1b[K::msg::Odometry>::SharedPtr odometry_publisher_;\n'}
[1.487787] (pcl_example) StderrLine: {'line': b'      |                       \x1b[01;31m\x1b[K^~~~~~~~\x1b[m\x1b[K\n'}
[1.487851] (pcl_example) StderrLine: {'line': b'\x1b[01m\x1b[K/home/ws/src/pcl_example/include/pcl_example/pcl_example_node.hpp:59:46:\x1b[m\x1b[K \x1b[01;31m\x1b[Kerror: \x1b[m\x1b[Ktemplate argument 1 is invalid\n'}
[1.487915] (pcl_example) StderrLine: {'line': b'   59 |     rclcpp::Publisher<nav_msgs::msg::Odometry\x1b[01;31m\x1b[K>\x1b[m\x1b[K::SharedPtr odometry_publisher_;\n'}
[1.487978] (pcl_example) StderrLine: {'line': b'      |                                              \x1b[01;31m\x1b[K^\x1b[m\x1b[K\n'}
[1.488040] (pcl_example) StderrLine: {'line': b'\x1b[01m\x1b[K/home/ws/src/pcl_example/include/pcl_example/pcl_example_node.hpp:59:49:\x1b[m\x1b[K \x1b[01;31m\x1b[Kerror: \x1b[m\x1b[Kexpected \xe2\x80\x98\x1b[01m\x1b[K;\x1b[m\x1b[K\xe2\x80\x99 at end of member declaration\n'}
[1.488103] (pcl_example) StderrLine: {'line': b'   59 |     rclcpp::Publisher<nav_msgs::msg::Odometry>::\x1b[01;31m\x1b[KSharedPtr\x1b[m\x1b[K odometry_publisher_;\n'}
[1.488166] (pcl_example) StderrLine: {'line': b'      |                                                 \x1b[01;31m\x1b[K^~~~~~~~~\x1b[m\x1b[K\n'}
[1.488229] (pcl_example) StderrLine: {'line': b'      |                                                          \x1b[32m\x1b[K;\x1b[m\x1b[K\n'}
[1.489126] (pcl_example) StderrLine: {'line': b'\x1b[01m\x1b[K/home/ws/src/pcl_example/include/pcl_example/pcl_example_node.hpp:59:59:\x1b[m\x1b[K \x1b[01;31m\x1b[Kerror: \x1b[m\x1b[K\xe2\x80\x98\x1b[01m\x1b[Kodometry_publisher_\x1b[m\x1b[K\xe2\x80\x99 does not name a type\n'}
[1.489236] (pcl_example) StderrLine: {'line': b'   59 |     rclcpp::Publisher<nav_msgs::msg::Odometry>::SharedPtr \x1b[01;31m\x1b[Kodometry_publisher_\x1b[m\x1b[K;\n'}
[1.489306] (pcl_example) StderrLine: {'line': b'      |                                                           \x1b[01;31m\x1b[K^~~~~~~~~~~~~~~~~~~\x1b[m\x1b[K\n'}
[1.504324] (-) TimerEvent: {}
[1.604690] (-) TimerEvent: {}
[1.705018] (-) TimerEvent: {}
[1.767218] (pcl_example) StderrLine: {'line': b'gmake[2]: *** [CMakeFiles/pcl_example_node.dir/build.make:76: CMakeFiles/pcl_example_node.dir/src/pcl_example_node.cpp.o] Error 1\n'}
[1.767377] (pcl_example) StderrLine: {'line': b'gmake[2]: *** Waiting for unfinished jobs....\n'}
[1.805233] (-) TimerEvent: {}
[1.905549] (-) TimerEvent: {}
[2.005821] (-) TimerEvent: {}
[2.106116] (-) TimerEvent: {}
[2.206463] (-) TimerEvent: {}
[2.306838] (-) TimerEvent: {}
[2.325108] (pcl_example) StderrLine: {'line': b'In file included from \x1b[01m\x1b[K/home/ws/src/pcl_example/src/pcl_example.cpp:26\x1b[m\x1b[K:\n'}
[2.325263] (pcl_example) StderrLine: {'line': b'\x1b[01m\x1b[K/home/ws/src/pcl_example/include/pcl_example/pcl_example_node.hpp:59:23:\x1b[m\x1b[K \x1b[01;31m\x1b[Kerror: \x1b[m\x1b[K\xe2\x80\x98\x1b[01m\x1b[Knav_msgs\x1b[m\x1b[K\xe2\x80\x99 was not declared in this scope\n'}
[2.325335] (pcl_example) StderrLine: {'line': b'   59 |     rclcpp::Publisher<\x1b[01;31m\x1b[Knav_msgs\x1b[m\x1b[K::msg::Odometry>::SharedPtr odometry_publisher_;\n'}
[2.325408] (pcl_example) StderrLine: {'line': b'      |                       \x1b[01;31m\x1b[K^~~~~~~~\x1b[m\x1b[K\n'}
[2.325474] (pcl_example) StderrLine: {'line': b'\x1b[01m\x1b[K/home/ws/src/pcl_example/include/pcl_example/pcl_example_node.hpp:59:46:\x1b[m\x1b[K \x1b[01;31m\x1b[Kerror: \x1b[m\x1b[Ktemplate argument 1 is invalid\n'}
[2.325535] (pcl_example) StderrLine: {'line': b'   59 |     rclcpp::Publisher<nav_msgs::msg::Odometry\x1b[01;31m\x1b[K>\x1b[m\x1b[K::SharedPtr odometry_publisher_;\n'}
[2.325594] (pcl_example) StderrLine: {'line': b'      |                                              \x1b[01;31m\x1b[K^\x1b[m\x1b[K\n'}
[2.325652] (pcl_example) StderrLine: {'line': b'\x1b[01m\x1b[K/home/ws/src/pcl_example/include/pcl_example/pcl_example_node.hpp:59:49:\x1b[m\x1b[K \x1b[01;31m\x1b[Kerror: \x1b[m\x1b[Kexpected \xe2\x80\x98\x1b[01m\x1b[K;\x1b[m\x1b[K\xe2\x80\x99 at end of member declaration\n'}
[2.325711] (pcl_example) StderrLine: {'line': b'   59 |     rclcpp::Publisher<nav_msgs::msg::Odometry>::\x1b[01;31m\x1b[KSharedPtr\x1b[m\x1b[K odometry_publisher_;\n'}
[2.325770] (pcl_example) StderrLine: {'line': b'      |                                                 \x1b[01;31m\x1b[K^~~~~~~~~\x1b[m\x1b[K\n'}
[2.325828] (pcl_example) StderrLine: {'line': b'      |                                                          \x1b[32m\x1b[K;\x1b[m\x1b[K\n'}
[2.331732] (pcl_example) StderrLine: {'line': b'\x1b[01m\x1b[K/home/ws/src/pcl_example/include/pcl_example/pcl_example_node.hpp:59:59:\x1b[m\x1b[K \x1b[01;31m\x1b[Kerror: \x1b[m\x1b[K\xe2\x80\x98\x1b[01m\x1b[Kodometry_publisher_\x1b[m\x1b[K\xe2\x80\x99 does not name a type\n'}
[2.331857] (pcl_example) StderrLine: {'line': b'   59 |     rclcpp::Publisher<nav_msgs::msg::Odometry>::SharedPtr \x1b[01;31m\x1b[Kodometry_publisher_\x1b[m\x1b[K;\n'}
[2.331925] (pcl_example) StderrLine: {'line': b'      |                                                           \x1b[01;31m\x1b[K^~~~~~~~~~~~~~~~~~~\x1b[m\x1b[K\n'}
[2.407071] (-) TimerEvent: {}
[2.507322] (-) TimerEvent: {}
[2.607711] (-) TimerEvent: {}
[2.708017] (-) TimerEvent: {}
[2.808389] (-) TimerEvent: {}
[2.908751] (-) TimerEvent: {}
[3.009117] (-) TimerEvent: {}
[3.109406] (-) TimerEvent: {}
[3.209653] (-) TimerEvent: {}
[3.309909] (-) TimerEvent: {}
[3.402893] (pcl_example) StderrLine: {'line': b'\x1b[01m\x1b[K/home/ws/src/pcl_example/src/pcl_example.cpp:\x1b[m\x1b[K In constructor \xe2\x80\x98\x1b[01m\x1b[KPcl_Example::Pcl_Example(const rclcpp::NodeOptions&)\x1b[m\x1b[K\xe2\x80\x99:\n'}
[3.403063] (pcl_example) StderrLine: {'line': b'\x1b[01m\x1b[K/home/ws/src/pcl_example/src/pcl_example.cpp:59:3:\x1b[m\x1b[K \x1b[01;31m\x1b[Kerror: \x1b[m\x1b[K\xe2\x80\x98\x1b[01m\x1b[Kodometry_publisher_\x1b[m\x1b[K\xe2\x80\x99 was not declared in this scope; did you mean \xe2\x80\x98\x1b[01m\x1b[Kcount_publishers\x1b[m\x1b[K\xe2\x80\x99?\n'}
[3.403133] (pcl_example) StderrLine: {'line': b'   59 |   \x1b[01;31m\x1b[Kodometry_publisher_\x1b[m\x1b[K = this->create_publisher<nav_msgs::msg::Odometry>(param_topic_odometry, 100);\n'}
[3.403195] (pcl_example) StderrLine: {'line': b'      |   \x1b[01;31m\x1b[K^~~~~~~~~~~~~~~~~~~\x1b[m\x1b[K\n'}
[3.403254] (pcl_example) StderrLine: {'line': b'      |   \x1b[32m\x1b[Kcount_publishers\x1b[m\x1b[K\n'}
[3.410051] (-) TimerEvent: {}
[3.419576] (pcl_example) StderrLine: {'line': b'\x1b[01m\x1b[K/home/ws/src/pcl_example/src/pcl_example.cpp:63:3:\x1b[m\x1b[K \x1b[01;31m\x1b[Kerror: \x1b[m\x1b[K\xe2\x80\x98\x1b[01m\x1b[Kprevious_cloud_\x1b[m\x1b[K\xe2\x80\x99 was not declared in this scope\n'}
[3.419739] (pcl_example) StderrLine: {'line': b'   63 |   \x1b[01;31m\x1b[Kprevious_cloud_\x1b[m\x1b[K = std::make_shared<pcl::PointCloud<pcl::PointXYZ>>();\n'}
[3.419818] (pcl_example) StderrLine: {'line': b'      |   \x1b[01;31m\x1b[K^~~~~~~~~~~~~~~\x1b[m\x1b[K\n'}
[3.458570] (pcl_example) StderrLine: {'line': b'\x1b[01m\x1b[K/home/ws/src/pcl_example/src/pcl_example.cpp:\x1b[m\x1b[K In member function \xe2\x80\x98\x1b[01m\x1b[Kvoid Pcl_Example::topic_callback(sensor_msgs::msg::PointCloud2_<std::allocator<void> >::SharedPtr)\x1b[m\x1b[K\xe2\x80\x99:\n'}
[3.458725] (pcl_example) StderrLine: {'line': b'\x1b[01m\x1b[K/home/ws/src/pcl_example/src/pcl_example.cpp:123:9:\x1b[m\x1b[K \x1b[01;31m\x1b[Kerror: \x1b[m\x1b[K\xe2\x80\x98\x1b[01m\x1b[Kprevious_cloud_\x1b[m\x1b[K\xe2\x80\x99 was not declared in this scope\n'}
[3.458791] (pcl_example) StderrLine: {'line': b'  123 |    if (!\x1b[01;31m\x1b[Kprevious_cloud_\x1b[m\x1b[K->empty())\n'}
[3.458852] (pcl_example) StderrLine: {'line': b'      |         \x1b[01;31m\x1b[K^~~~~~~~~~~~~~~\x1b[m\x1b[K\n'}
[3.483740] (pcl_example) StderrLine: {'line': b'\x1b[01m\x1b[K/home/ws/src/pcl_example/src/pcl_example.cpp:150:13:\x1b[m\x1b[K \x1b[01;31m\x1b[Kerror: \x1b[m\x1b[K\xe2\x80\x98\x1b[01m\x1b[Kodometry_publisher_\x1b[m\x1b[K\xe2\x80\x99 was not declared in this scope; did you mean \xe2\x80\x98\x1b[01m\x1b[Kcount_publishers\x1b[m\x1b[K\xe2\x80\x99?\n'}
[3.483900] (pcl_example) StderrLine: {'line': b'  150 |             \x1b[01;31m\x1b[Kodometry_publisher_\x1b[m\x1b[K->publish(odom_msg);\n'}
[3.483968] (pcl_example) StderrLine: {'line': b'      |             \x1b[01;31m\x1b[K^~~~~~~~~~~~~~~~~~~\x1b[m\x1b[K\n'}
[3.484030] (pcl_example) StderrLine: {'line': b'      |             \x1b[32m\x1b[Kcount_publishers\x1b[m\x1b[K\n'}
[3.494356] (pcl_example) StderrLine: {'line': b'\x1b[01m\x1b[K/home/ws/src/pcl_example/src/pcl_example.cpp:159:6:\x1b[m\x1b[K \x1b[01;31m\x1b[Kerror: \x1b[m\x1b[K\xe2\x80\x98\x1b[01m\x1b[Kprevious_cloud_\x1b[m\x1b[K\xe2\x80\x99 was not declared in this scope\n'}
[3.494556] (pcl_example) StderrLine: {'line': b'  159 |     *\x1b[01;31m\x1b[Kprevious_cloud_\x1b[m\x1b[K = *cloud_filtered;\n'}
[3.494632] (pcl_example) StderrLine: {'line': b'      |      \x1b[01;31m\x1b[K^~~~~~~~~~~~~~~\x1b[m\x1b[K\n'}
[3.510176] (-) TimerEvent: {}
[3.610578] (-) TimerEvent: {}
[3.710955] (-) TimerEvent: {}
[3.811215] (-) TimerEvent: {}
[3.911588] (-) TimerEvent: {}
[4.011930] (-) TimerEvent: {}
[4.112276] (-) TimerEvent: {}
[4.212632] (-) TimerEvent: {}
[4.312950] (-) TimerEvent: {}
[4.413359] (-) TimerEvent: {}
[4.513653] (-) TimerEvent: {}
[4.613882] (-) TimerEvent: {}
[4.714118] (-) TimerEvent: {}
[4.814541] (-) TimerEvent: {}
[4.914801] (-) TimerEvent: {}
[5.015089] (-) TimerEvent: {}
[5.115361] (-) TimerEvent: {}
[5.215626] (-) TimerEvent: {}
[5.315918] (-) TimerEvent: {}
[5.416284] (-) TimerEvent: {}
[5.516666] (-) TimerEvent: {}
[5.617015] (-) TimerEvent: {}
[5.717378] (-) TimerEvent: {}
[5.817651] (-) TimerEvent: {}
[5.918141] (-) TimerEvent: {}
[6.018516] (-) TimerEvent: {}
[6.118891] (-) TimerEvent: {}
[6.219242] (-) TimerEvent: {}
[6.319574] (-) TimerEvent: {}
[6.419906] (-) TimerEvent: {}
[6.520253] (-) TimerEvent: {}
[6.620589] (-) TimerEvent: {}
[6.720935] (-) TimerEvent: {}
[6.821274] (-) TimerEvent: {}
[6.921539] (-) TimerEvent: {}
[7.021770] (-) TimerEvent: {}
[7.122103] (-) TimerEvent: {}
[7.222424] (-) TimerEvent: {}
[7.322785] (-) TimerEvent: {}
[7.423036] (-) TimerEvent: {}
[7.509824] (pcl_example) StderrLine: {'line': b'gmake[2]: *** [CMakeFiles/pcl_example_node.dir/build.make:90: CMakeFiles/pcl_example_node.dir/src/pcl_example.cpp.o] Error 1\n'}
[7.510132] (pcl_example) StderrLine: {'line': b'gmake[1]: *** [CMakeFiles/Makefile2:137: CMakeFiles/pcl_example_node.dir/all] Error 2\n'}
[7.510248] (pcl_example) StderrLine: {'line': b'gmake: *** [Makefile:146: all] Error 2\n'}
[7.512450] (pcl_example) CommandEnded: {'returncode': 2}
[7.523091] (-) TimerEvent: {}
[7.533216] (pcl_example) JobEnded: {'identifier': 'pcl_example', 'rc': 2}
[7.543666] (-) EventReactorShutdown: {}
