[35m[1mConsolidate compiler generated dependencies of target pcl_example_node[0m
[ 33%] [32mBuilding CXX object CMakeFiles/pcl_example_node.dir/src/pcl_example.cpp.o[0m
[01m[K/home/ws/src/pcl_example/src/pcl_example.cpp:[m[K In constructor â€˜[01m[KPcl_Example::Pcl_Example(const rclcpp::NodeOptions&)[m[Kâ€™:
[01m[K/home/ws/src/pcl_example/src/pcl_example.cpp:51:3:[m[K [01;31m[Kerror: [m[Kâ€˜[01m[Kparam_topic_iss_features[m[Kâ€™ was not declared in this scope
   51 |   [01;31m[Kparam_topic_iss_features[m[K = get_parameter("topic_iss_features").as_string();
      |   [01;31m[K^~~~~~~~~~~~~~~~~~~~~~~~[m[K
[01m[K/home/ws/src/pcl_example/src/pcl_example.cpp:55:3:[m[K [01;31m[Kerror: [m[Kâ€˜[01m[Kiss_features_publisher_[m[Kâ€™ was not declared in this scope
   55 |   [01;31m[Kiss_features_publisher_[m[K = this->create_publisher<sensor_msgs::msg::PointCloud2>(param_topic_iss_features,2 );
      |   [01;31m[K^~~~~~~~~~~~~~~~~~~~~~~[m[K
gmake[2]: *** [CMakeFiles/pcl_example_node.dir/build.make:90: CMakeFiles/pcl_example_node.dir/src/pcl_example.cpp.o] Error 1
gmake[1]: *** [CMakeFiles/Makefile2:137: CMakeFiles/pcl_example_node.dir/all] Error 2
gmake: *** [Makefile:146: all] Error 2
