[0.006s] Invoking command in '/home/ws/src/pcl_example/build/pcl_example': CMAKE_PREFIX_PATH=/opt/ros/humble /usr/bin/cmake --build /home/ws/src/pcl_example/build/pcl_example -- -j20 -l20
[0.034s] [35m[1mConsolidate compiler generated dependencies of target pcl_example_node[0m
[0.054s] [ 33%] [32mBuilding CXX object CMakeFiles/pcl_example_node.dir/src/pcl_example.cpp.o[0m
[3.170s] [01m[K/home/ws/src/pcl_example/src/pcl_example.cpp:[m[K In member function â€˜[01m[Kvoid Pcl_Example::topic_callback(sensor_msgs::msg::PointCloud2_<std::allocator<void> >::SharedPtr)[m[Kâ€™:
[3.170s] [01m[K/home/ws/src/pcl_example/src/pcl_example.cpp:160:30:[m[K [01;31m[Kerror: [m[Kâ€˜[01m[Kinsert[m[Kâ€™ was not declared in this scope
[3.170s]   160 |             path_msg.poses = [01;31m[Kinsert[m[K(path_msg.poses.end(),path_history_.begin(),path_history_.end());
[3.170s]       |                              [01;31m[K^~~~~~[m[K
[3.170s] [01m[K/home/ws/src/pcl_example/src/pcl_example.cpp:160:30:[m[K [01;36m[Knote: [m[Ksuggested alternatives:
[3.170s] In file included from [01m[K/usr/include/boost/mpl/insert.hpp:17[m[K,
[3.170s]                  from [01m[K/usr/include/boost/fusion/mpl/insert.hpp:11[m[K,
[3.171s]                  from [01m[K/usr/include/boost/fusion/mpl.hpp:24[m[K,
[3.171s]                  from [01m[K/usr/include/boost/fusion/include/mpl.hpp:12[m[K,
[3.171s]                  from [01m[K/usr/include/pcl-1.12/pcl/common/impl/accumulators.hpp:44[m[K,
[3.171s]                  from [01m[K/usr/include/pcl-1.12/pcl/common/centroid.h:955[m[K,
[3.171s]                  from [01m[K/usr/include/pcl-1.12/pcl/features/normal_3d.h:46[m[K,
[3.171s]                  from [01m[K/usr/include/pcl-1.12/pcl/features/normal_3d_omp.h:43[m[K,
[3.171s]                  from [01m[K/home/ws/src/pcl_example/src/pcl_example.cpp:31[m[K:
[3.171s] [01m[K/usr/include/boost/mpl/insert_fwd.hpp:20:69:[m[K [01;36m[Knote: [m[K  â€˜[01m[Kboost::mpl::insert[m[Kâ€™
[3.171s]    20 | template< typename Sequence, typename Pos_or_T, typename T > struct [01;36m[Kinsert[m[K;
[3.171s]       |                                                                     [01;36m[K^~~~~~[m[K
[3.171s] In file included from [01m[K/usr/include/boost/fusion/mpl/insert.hpp:13[m[K,
[3.171s]                  from [01m[K/usr/include/boost/fusion/mpl.hpp:24[m[K,
[3.171s]                  from [01m[K/usr/include/boost/fusion/include/mpl.hpp:12[m[K,
[3.171s]                  from [01m[K/usr/include/pcl-1.12/pcl/common/impl/accumulators.hpp:44[m[K,
[3.171s]                  from [01m[K/usr/include/pcl-1.12/pcl/common/centroid.h:955[m[K,
[3.171s]                  from [01m[K/usr/include/pcl-1.12/pcl/features/normal_3d.h:46[m[K,
[3.172s]                  from [01m[K/usr/include/pcl-1.12/pcl/features/normal_3d_omp.h:43[m[K,
[3.172s]                  from [01m[K/home/ws/src/pcl_example/src/pcl_example.cpp:31[m[K:
[3.172s] [01m[K/usr/include/boost/fusion/algorithm/transformation/insert.hpp:49:5:[m[K [01;36m[Knote: [m[K  â€˜[01m[Kboost::fusion::insert[m[Kâ€™
[3.172s]    49 |     [01;36m[Kinsert[m[K(Sequence const& seq, Position const& pos, T const& x)
[3.172s]       |     [01;36m[K^~~~~~[m[K
[3.172s] [01m[K/usr/include/boost/fusion/algorithm/transformation/insert.hpp:27:16:[m[K [01;36m[Knote: [m[K  â€˜[01m[Kboost::fusion::result_of::insert[m[Kâ€™
[3.172s]    27 |         struct [01;36m[Kinsert[m[K
[3.172s]       |                [01;36m[K^~~~~~[m[K
[6.937s] gmake[2]: *** [CMakeFiles/pcl_example_node.dir/build.make:90: CMakeFiles/pcl_example_node.dir/src/pcl_example.cpp.o] Error 1
[6.937s] gmake[1]: *** [CMakeFiles/Makefile2:137: CMakeFiles/pcl_example_node.dir/all] Error 2
[6.937s] gmake: *** [Makefile:146: all] Error 2
[6.940s] Invoked command in '/home/ws/src/pcl_example/build/pcl_example' returned '2': CMAKE_PREFIX_PATH=/opt/ros/humble /usr/bin/cmake --build /home/ws/src/pcl_example/build/pcl_example -- -j20 -l20
