[0.009s] Invoking command in '/home/ws/src/pcl_example/build/pcl_example': CMAKE_PREFIX_PATH=${CMAKE_PREFIX_PATH}:/opt/ros/humble /usr/bin/cmake --build /home/ws/src/pcl_example/build/pcl_example -- -j20 -l20
[0.056s] [35m[1mConsolidate compiler generated dependencies of target pcl_example_node[0m
[0.076s] [ 33%] [32mBuilding CXX object CMakeFiles/pcl_example_node.dir/src/pcl_example.cpp.o[0m
[3.432s] [01m[K/home/ws/src/pcl_example/src/pcl_example.cpp:[m[K In member function â€˜[01m[Kvoid Pcl_Example::topic_callback(sensor_msgs::msg::PointCloud2_<std::allocator<void> >::SharedPtr)[m[Kâ€™:
[3.432s] [01m[K/home/ws/src/pcl_example/src/pcl_example.cpp:84:32:[m[K [01;31m[Kerror: [m[Kâ€˜[01m[KPointCloud2[m[Kâ€™ is not a member of â€˜[01m[Ksensor_msgs[m[Kâ€™; did you mean â€˜[01m[Ksensor_msgs::msg::PointCloud2[m[Kâ€™?
[3.432s]    84 |   pcl::VoxelGrid< sensor_msgs::[01;31m[KPointCloud2[m[K > voxel_grid;
[3.432s]       |                                [01;31m[K^~~~~~~~~~~[m[K
[3.432s] In file included from [01m[K/opt/ros/humble/include/sensor_msgs/sensor_msgs/msg/point_cloud2.hpp:7[m[K,
[3.432s]                  from [01m[K/home/ws/src/pcl_example/include/pcl_example/pcl_example_node.hpp:20[m[K,
[3.432s]                  from [01m[K/home/ws/src/pcl_example/src/pcl_example.cpp:26[m[K:
[3.432s] [01m[K/opt/ros/humble/include/sensor_msgs/sensor_msgs/msg/detail/point_cloud2__struct.hpp:235:7:[m[K [01;36m[Knote: [m[Kâ€˜[01m[Ksensor_msgs::msg::PointCloud2[m[Kâ€™ declared here
[3.432s]   235 | using [01;36m[KPointCloud2[m[K =
[3.432s]       |       [01;36m[K^~~~~~~~~~~[m[K
[3.432s] [01m[K/home/ws/src/pcl_example/src/pcl_example.cpp:84:44:[m[K [01;31m[Kerror: [m[Ktemplate argument 1 is invalid
[3.433s]    84 |   pcl::VoxelGrid< sensor_msgs::PointCloud2 [01;31m[K>[m[K voxel_grid;
[3.433s]       |                                            [01;31m[K^[m[K
[3.433s] [01m[K/home/ws/src/pcl_example/src/pcl_example.cpp:85:14:[m[K [01;31m[Kerror: [m[Krequest for member â€˜[01m[KsetInputCloud[m[Kâ€™ in â€˜[01m[Kvoxel_grid[m[Kâ€™, which is of non-class type â€˜[01m[Kint[m[Kâ€™
[3.433s]    85 |   voxel_grid.[01;31m[KsetInputCloud[m[K(msg);
[3.433s]       |              [01;31m[K^~~~~~~~~~~~~[m[K
[3.433s] [01m[K/home/ws/src/pcl_example/src/pcl_example.cpp:86:14:[m[K [01;31m[Kerror: [m[Krequest for member â€˜[01m[KsetLeafSize[m[Kâ€™ in â€˜[01m[Kvoxel_grid[m[Kâ€™, which is of non-class type â€˜[01m[Kint[m[Kâ€™
[3.433s]    86 |   voxel_grid.[01;31m[KsetLeafSize[m[K(0.1f, 0.1f, 0.1f); // Set voxel size (adjust as needed)
[3.433s]       |              [01;31m[K^~~~~~~~~~~[m[K
[3.433s] [01m[K/home/ws/src/pcl_example/src/pcl_example.cpp:88:14:[m[K [01;31m[Kerror: [m[Krequest for member â€˜[01m[Kfilter[m[Kâ€™ in â€˜[01m[Kvoxel_grid[m[Kâ€™, which is of non-class type â€˜[01m[Kint[m[Kâ€™
[3.433s]    88 |   voxel_grid.[01;31m[Kfilter[m[K(*cloud_filtered);
[3.433s]       |              [01;31m[K^~~~~~[m[K
[5.900s] gmake[2]: *** [CMakeFiles/pcl_example_node.dir/build.make:90: CMakeFiles/pcl_example_node.dir/src/pcl_example.cpp.o] Error 1
[5.900s] gmake[1]: *** [CMakeFiles/Makefile2:137: CMakeFiles/pcl_example_node.dir/all] Error 2
[5.900s] gmake: *** [Makefile:146: all] Error 2
[5.903s] Invoked command in '/home/ws/src/pcl_example/build/pcl_example' returned '2': CMAKE_PREFIX_PATH=${CMAKE_PREFIX_PATH}:/opt/ros/humble /usr/bin/cmake --build /home/ws/src/pcl_example/build/pcl_example -- -j20 -l20
