[0.006s] Invoking command in '/home/ws/src/pcl_example/build/pcl_example': CMAKE_PREFIX_PATH=${CMAKE_PREFIX_PATH}:/opt/ros/humble /usr/bin/cmake --build /home/ws/src/pcl_example/build/pcl_example -- -j20 -l20
[0.034s] [35m[1mConsolidate compiler generated dependencies of target pcl_example_node[0m
[0.055s] [ 33%] [32mBuilding CXX object CMakeFiles/pcl_example_node.dir/src/pcl_example.cpp.o[0m
[3.185s] [01m[K/home/ws/src/pcl_example/src/pcl_example.cpp:[m[K In constructor â€˜[01m[KPcl_Example::Pcl_Example(const rclcpp::NodeOptions&)[m[Kâ€™:
[3.185s] [01m[K/home/ws/src/pcl_example/src/pcl_example.cpp:64:3:[m[K [01;31m[Kerror: [m[Kâ€˜[01m[Kpath_history_[m[Kâ€™ was not declared in this scope
[3.185s]    64 |   [01;31m[Kpath_history_[m[K = std::deque<geometry_msgs::msg::PoseStamped>();
[3.185s]       |   [01;31m[K^~~~~~~~~~~~~[m[K
[3.232s] [01m[K/home/ws/src/pcl_example/src/pcl_example.cpp:[m[K In member function â€˜[01m[Kvoid Pcl_Example::topic_callback(sensor_msgs::msg::PointCloud2_<std::allocator<void> >::SharedPtr)[m[Kâ€™:
[3.232s] [01m[K/home/ws/src/pcl_example/src/pcl_example.cpp:150:13:[m[K [01;31m[Kerror: [m[Kâ€˜[01m[Kpath_history_[m[Kâ€™ was not declared in this scope
[3.232s]   150 |             [01;31m[Kpath_history_[m[K.push_back(odom_msg);
[3.232s]       |             [01;31m[K^~~~~~~~~~~~~[m[K
[7.090s] gmake[2]: *** [CMakeFiles/pcl_example_node.dir/build.make:90: CMakeFiles/pcl_example_node.dir/src/pcl_example.cpp.o] Error 1
[7.091s] gmake[1]: *** [CMakeFiles/Makefile2:137: CMakeFiles/pcl_example_node.dir/all] Error 2
[7.091s] gmake: *** [Makefile:146: all] Error 2
[7.093s] Invoked command in '/home/ws/src/pcl_example/build/pcl_example' returned '2': CMAKE_PREFIX_PATH=${CMAKE_PREFIX_PATH}:/opt/ros/humble /usr/bin/cmake --build /home/ws/src/pcl_example/build/pcl_example -- -j20 -l20
