[0.006s] Invoking command in '/home/ws/src/pcl_example/build/pcl_example': CMAKE_PREFIX_PATH=${CMAKE_PREFIX_PATH}:/opt/ros/humble /usr/bin/cmake --build /home/ws/src/pcl_example/build/pcl_example -- -j20 -l20
[0.035s] [35m[1mConsolidate compiler generated dependencies of target pcl_example_node[0m
[0.054s] [ 33%] [32mBuilding CXX object CMakeFiles/pcl_example_node.dir/src/pcl_example.cpp.o[0m
[3.160s] [01m[K/home/ws/src/pcl_example/src/pcl_example.cpp:[m[K In member function â€˜[01m[Kvoid Pcl_Example::topic_callback(sensor_msgs::msg::PointCloud2_<std::allocator<void> >::SharedPtr)[m[Kâ€™:
[3.160s] [01m[K/home/ws/src/pcl_example/src/pcl_example.cpp:82:49:[m[K [01;31m[Kerror: [m[Ktemplate argument 1 is invalid
[3.160s]    82 |   pcl::VoxelGrid<pcl::PointCloud<pcl::PointXYZ> [01;31m[Kvoxel_grid[m[K;
[3.160s]       |                                                 [01;31m[K^~~~~~~~~~[m[K
[3.177s] [01m[K/home/ws/src/pcl_example/src/pcl_example.cpp:83:3:[m[K [01;31m[Kerror: [m[Kâ€˜[01m[Kvoxel_grid[m[Kâ€™ was not declared in this scope
[3.177s]    83 |   [01;31m[Kvoxel_grid[m[K.setInputCloud(cloud_xyz);
[3.177s]       |   [01;31m[K^~~~~~~~~~[m[K
[5.583s] gmake[2]: *** [CMakeFiles/pcl_example_node.dir/build.make:90: CMakeFiles/pcl_example_node.dir/src/pcl_example.cpp.o] Error 1
[5.583s] gmake[1]: *** [CMakeFiles/Makefile2:137: CMakeFiles/pcl_example_node.dir/all] Error 2
[5.583s] gmake: *** [Makefile:146: all] Error 2
[5.585s] Invoked command in '/home/ws/src/pcl_example/build/pcl_example' returned '2': CMAKE_PREFIX_PATH=${CMAKE_PREFIX_PATH}:/opt/ros/humble /usr/bin/cmake --build /home/ws/src/pcl_example/build/pcl_example -- -j20 -l20
