[0.007s] Invoking command in '/home/ws/src/pcl_example/build/pcl_example': CMAKE_PREFIX_PATH=${CMAKE_PREFIX_PATH}:/opt/ros/humble /usr/bin/cmake --build /home/ws/src/pcl_example/build/pcl_example -- -j20 -l20
[0.034s] [35m[1mConsolidate compiler generated dependencies of target pcl_example_node[0m
[0.053s] [ 33%] [32mBuilding CXX object CMakeFiles/pcl_example_node.dir/src/pcl_example.cpp.o[0m
[3.144s] [01m[K/home/ws/src/pcl_example/src/pcl_example.cpp:[m[K In member function â€˜[01m[Kvoid Pcl_Example::topic_callback(sensor_msgs::msg::PointCloud2_<std::allocator<void> >::SharedPtr)[m[Kâ€™:
[3.144s] [01m[K/home/ws/src/pcl_example/src/pcl_example.cpp:67:3:[m[K [01;31m[Kerror: [m[Kâ€˜[01m[Kprevious_cloud_[m[Kâ€™ was not declared in this scope
[3.144s]    67 |   [01;31m[Kprevious_cloud_[m[K = std::make_shared<pcl::PointCloud<pcl::PointXYZ>>();
[3.144s]       |   [01;31m[K^~~~~~~~~~~~~~~[m[K
[7.135s] gmake[2]: *** [CMakeFiles/pcl_example_node.dir/build.make:90: CMakeFiles/pcl_example_node.dir/src/pcl_example.cpp.o] Error 1
[7.135s] gmake[1]: *** [CMakeFiles/Makefile2:137: CMakeFiles/pcl_example_node.dir/all] Error 2
[7.135s] gmake: *** [Makefile:146: all] Error 2
[7.136s] Invoked command in '/home/ws/src/pcl_example/build/pcl_example' returned '2': CMAKE_PREFIX_PATH=${CMAKE_PREFIX_PATH}:/opt/ros/humble /usr/bin/cmake --build /home/ws/src/pcl_example/build/pcl_example -- -j20 -l20
