[35m[1mConsolidate compiler generated dependencies of target pcl_example_node[0m
[ 33%] [32mBuilding CXX object CMakeFiles/pcl_example_node.dir/src/pcl_example_node.cpp.o[0m
[ 66%] [32mBuilding CXX object CMakeFiles/pcl_example_node.dir/src/pcl_example.cpp.o[0m
In file included from [01m[K/home/ws/src/pcl_example/src/pcl_example_node.cpp:16[m[K:
[01m[K/home/ws/src/pcl_example/include/pcl_example/pcl_example_node.hpp:59:23:[m[K [01;31m[Kerror: [m[Kâ€˜[01m[Knav_msgs[m[Kâ€™ was not declared in this scope
   59 |     rclcpp::Publisher<[01;31m[Knav_msgs[m[K::msg::Odometry>::SharedPtr odometry_publisher_;
      |                       [01;31m[K^~~~~~~~[m[K
[01m[K/home/ws/src/pcl_example/include/pcl_example/pcl_example_node.hpp:59:46:[m[K [01;31m[Kerror: [m[Ktemplate argument 1 is invalid
   59 |     rclcpp::Publisher<nav_msgs::msg::Odometry[01;31m[K>[m[K::SharedPtr odometry_publisher_;
      |                                              [01;31m[K^[m[K
[01m[K/home/ws/src/pcl_example/include/pcl_example/pcl_example_node.hpp:59:49:[m[K [01;31m[Kerror: [m[Kexpected â€˜[01m[K;[m[Kâ€™ at end of member declaration
   59 |     rclcpp::Publisher<nav_msgs::msg::Odometry>::[01;31m[KSharedPtr[m[K odometry_publisher_;
      |                                                 [01;31m[K^~~~~~~~~[m[K
      |                                                          [32m[K;[m[K
[01m[K/home/ws/src/pcl_example/include/pcl_example/pcl_example_node.hpp:59:59:[m[K [01;31m[Kerror: [m[Kâ€˜[01m[Kodometry_publisher_[m[Kâ€™ does not name a type
   59 |     rclcpp::Publisher<nav_msgs::msg::Odometry>::SharedPtr [01;31m[Kodometry_publisher_[m[K;
      |                                                           [01;31m[K^~~~~~~~~~~~~~~~~~~[m[K
gmake[2]: *** [CMakeFiles/pcl_example_node.dir/build.make:76: CMakeFiles/pcl_example_node.dir/src/pcl_example_node.cpp.o] Error 1
gmake[2]: *** Waiting for unfinished jobs....
In file included from [01m[K/home/ws/src/pcl_example/src/pcl_example.cpp:26[m[K:
[01m[K/home/ws/src/pcl_example/include/pcl_example/pcl_example_node.hpp:59:23:[m[K [01;31m[Kerror: [m[Kâ€˜[01m[Knav_msgs[m[Kâ€™ was not declared in this scope
   59 |     rclcpp::Publisher<[01;31m[Knav_msgs[m[K::msg::Odometry>::SharedPtr odometry_publisher_;
      |                       [01;31m[K^~~~~~~~[m[K
[01m[K/home/ws/src/pcl_example/include/pcl_example/pcl_example_node.hpp:59:46:[m[K [01;31m[Kerror: [m[Ktemplate argument 1 is invalid
   59 |     rclcpp::Publisher<nav_msgs::msg::Odometry[01;31m[K>[m[K::SharedPtr odometry_publisher_;
      |                                              [01;31m[K^[m[K
[01m[K/home/ws/src/pcl_example/include/pcl_example/pcl_example_node.hpp:59:49:[m[K [01;31m[Kerror: [m[Kexpected â€˜[01m[K;[m[Kâ€™ at end of member declaration
   59 |     rclcpp::Publisher<nav_msgs::msg::Odometry>::[01;31m[KSharedPtr[m[K odometry_publisher_;
      |                                                 [01;31m[K^~~~~~~~~[m[K
      |                                                          [32m[K;[m[K
[01m[K/home/ws/src/pcl_example/include/pcl_example/pcl_example_node.hpp:59:59:[m[K [01;31m[Kerror: [m[Kâ€˜[01m[Kodometry_publisher_[m[Kâ€™ does not name a type
   59 |     rclcpp::Publisher<nav_msgs::msg::Odometry>::SharedPtr [01;31m[Kodometry_publisher_[m[K;
      |                                                           [01;31m[K^~~~~~~~~~~~~~~~~~~[m[K
[01m[K/home/ws/src/pcl_example/src/pcl_example.cpp:[m[K In constructor â€˜[01m[KPcl_Example::Pcl_Example(const rclcpp::NodeOptions&)[m[Kâ€™:
[01m[K/home/ws/src/pcl_example/src/pcl_example.cpp:59:3:[m[K [01;31m[Kerror: [m[Kâ€˜[01m[Kodometry_publisher_[m[Kâ€™ was not declared in this scope; did you mean â€˜[01m[Kcount_publishers[m[Kâ€™?
   59 |   [01;31m[Kodometry_publisher_[m[K = this->create_publisher<nav_msgs::msg::Odometry>(param_topic_odometry, 100);
      |   [01;31m[K^~~~~~~~~~~~~~~~~~~[m[K
      |   [32m[Kcount_publishers[m[K
[01m[K/home/ws/src/pcl_example/src/pcl_example.cpp:63:3:[m[K [01;31m[Kerror: [m[Kâ€˜[01m[Kprevious_cloud_[m[Kâ€™ was not declared in this scope
   63 |   [01;31m[Kprevious_cloud_[m[K = std::make_shared<pcl::PointCloud<pcl::PointXYZ>>();
      |   [01;31m[K^~~~~~~~~~~~~~~[m[K
[01m[K/home/ws/src/pcl_example/src/pcl_example.cpp:[m[K In member function â€˜[01m[Kvoid Pcl_Example::topic_callback(sensor_msgs::msg::PointCloud2_<std::allocator<void> >::SharedPtr)[m[Kâ€™:
[01m[K/home/ws/src/pcl_example/src/pcl_example.cpp:123:9:[m[K [01;31m[Kerror: [m[Kâ€˜[01m[Kprevious_cloud_[m[Kâ€™ was not declared in this scope
  123 |    if (![01;31m[Kprevious_cloud_[m[K->empty())
      |         [01;31m[K^~~~~~~~~~~~~~~[m[K
[01m[K/home/ws/src/pcl_example/src/pcl_example.cpp:150:13:[m[K [01;31m[Kerror: [m[Kâ€˜[01m[Kodometry_publisher_[m[Kâ€™ was not declared in this scope; did you mean â€˜[01m[Kcount_publishers[m[Kâ€™?
  150 |             [01;31m[Kodometry_publisher_[m[K->publish(odom_msg);
      |             [01;31m[K^~~~~~~~~~~~~~~~~~~[m[K
      |             [32m[Kcount_publishers[m[K
[01m[K/home/ws/src/pcl_example/src/pcl_example.cpp:159:6:[m[K [01;31m[Kerror: [m[Kâ€˜[01m[Kprevious_cloud_[m[Kâ€™ was not declared in this scope
  159 |     *[01;31m[Kprevious_cloud_[m[K = *cloud_filtered;
      |      [01;31m[K^~~~~~~~~~~~~~~[m[K
gmake[2]: *** [CMakeFiles/pcl_example_node.dir/build.make:90: CMakeFiles/pcl_example_node.dir/src/pcl_example.cpp.o] Error 1
gmake[1]: *** [CMakeFiles/Makefile2:137: CMakeFiles/pcl_example_node.dir/all] Error 2
gmake: *** [Makefile:146: all] Error 2
