[0.010s] Invoking command in '/home/ws/src/pcl_example/build/pcl_example': CMAKE_PREFIX_PATH=${CMAKE_PREFIX_PATH}:/opt/ros/humble /usr/bin/cmake --build /home/ws/src/pcl_example/build/pcl_example -- -j20 -l20
[0.040s] [35m[1mConsolidate compiler generated dependencies of target pcl_example_node[0m
[0.058s] [ 33%] [32mBuilding CXX object CMakeFiles/pcl_example_node.dir/src/pcl_example_node.cpp.o[0m
[0.060s] [ 66%] [32mBuilding CXX object CMakeFiles/pcl_example_node.dir/src/pcl_example.cpp.o[0m
[1.487s] In file included from [01m[K/home/ws/src/pcl_example/src/pcl_example_node.cpp:16[m[K:
[1.488s] [01m[K/home/ws/src/pcl_example/include/pcl_example/pcl_example_node.hpp:59:23:[m[K [01;31m[Kerror: [m[Kâ€˜[01m[Knav_msgs[m[Kâ€™ was not declared in this scope
[1.488s]    59 |     rclcpp::Publisher<[01;31m[Knav_msgs[m[K::msg::Odometry>::SharedPtr odometry_publisher_;
[1.488s]       |                       [01;31m[K^~~~~~~~[m[K
[1.488s] [01m[K/home/ws/src/pcl_example/include/pcl_example/pcl_example_node.hpp:59:46:[m[K [01;31m[Kerror: [m[Ktemplate argument 1 is invalid
[1.488s]    59 |     rclcpp::Publisher<nav_msgs::msg::Odometry[01;31m[K>[m[K::SharedPtr odometry_publisher_;
[1.488s]       |                                              [01;31m[K^[m[K
[1.488s] [01m[K/home/ws/src/pcl_example/include/pcl_example/pcl_example_node.hpp:59:49:[m[K [01;31m[Kerror: [m[Kexpected â€˜[01m[K;[m[Kâ€™ at end of member declaration
[1.488s]    59 |     rclcpp::Publisher<nav_msgs::msg::Odometry>::[01;31m[KSharedPtr[m[K odometry_publisher_;
[1.488s]       |                                                 [01;31m[K^~~~~~~~~[m[K
[1.488s]       |                                                          [32m[K;[m[K
[1.489s] [01m[K/home/ws/src/pcl_example/include/pcl_example/pcl_example_node.hpp:59:59:[m[K [01;31m[Kerror: [m[Kâ€˜[01m[Kodometry_publisher_[m[Kâ€™ does not name a type
[1.489s]    59 |     rclcpp::Publisher<nav_msgs::msg::Odometry>::SharedPtr [01;31m[Kodometry_publisher_[m[K;
[1.489s]       |                                                           [01;31m[K^~~~~~~~~~~~~~~~~~~[m[K
[1.767s] gmake[2]: *** [CMakeFiles/pcl_example_node.dir/build.make:76: CMakeFiles/pcl_example_node.dir/src/pcl_example_node.cpp.o] Error 1
[1.767s] gmake[2]: *** Waiting for unfinished jobs....
[2.325s] In file included from [01m[K/home/ws/src/pcl_example/src/pcl_example.cpp:26[m[K:
[2.325s] [01m[K/home/ws/src/pcl_example/include/pcl_example/pcl_example_node.hpp:59:23:[m[K [01;31m[Kerror: [m[Kâ€˜[01m[Knav_msgs[m[Kâ€™ was not declared in this scope
[2.325s]    59 |     rclcpp::Publisher<[01;31m[Knav_msgs[m[K::msg::Odometry>::SharedPtr odometry_publisher_;
[2.325s]       |                       [01;31m[K^~~~~~~~[m[K
[2.325s] [01m[K/home/ws/src/pcl_example/include/pcl_example/pcl_example_node.hpp:59:46:[m[K [01;31m[Kerror: [m[Ktemplate argument 1 is invalid
[2.325s]    59 |     rclcpp::Publisher<nav_msgs::msg::Odometry[01;31m[K>[m[K::SharedPtr odometry_publisher_;
[2.325s]       |                                              [01;31m[K^[m[K
[2.326s] [01m[K/home/ws/src/pcl_example/include/pcl_example/pcl_example_node.hpp:59:49:[m[K [01;31m[Kerror: [m[Kexpected â€˜[01m[K;[m[Kâ€™ at end of member declaration
[2.326s]    59 |     rclcpp::Publisher<nav_msgs::msg::Odometry>::[01;31m[KSharedPtr[m[K odometry_publisher_;
[2.326s]       |                                                 [01;31m[K^~~~~~~~~[m[K
[2.326s]       |                                                          [32m[K;[m[K
[2.332s] [01m[K/home/ws/src/pcl_example/include/pcl_example/pcl_example_node.hpp:59:59:[m[K [01;31m[Kerror: [m[Kâ€˜[01m[Kodometry_publisher_[m[Kâ€™ does not name a type
[2.332s]    59 |     rclcpp::Publisher<nav_msgs::msg::Odometry>::SharedPtr [01;31m[Kodometry_publisher_[m[K;
[2.332s]       |                                                           [01;31m[K^~~~~~~~~~~~~~~~~~~[m[K
[3.403s] [01m[K/home/ws/src/pcl_example/src/pcl_example.cpp:[m[K In constructor â€˜[01m[KPcl_Example::Pcl_Example(const rclcpp::NodeOptions&)[m[Kâ€™:
[3.403s] [01m[K/home/ws/src/pcl_example/src/pcl_example.cpp:59:3:[m[K [01;31m[Kerror: [m[Kâ€˜[01m[Kodometry_publisher_[m[Kâ€™ was not declared in this scope; did you mean â€˜[01m[Kcount_publishers[m[Kâ€™?
[3.403s]    59 |   [01;31m[Kodometry_publisher_[m[K = this->create_publisher<nav_msgs::msg::Odometry>(param_topic_odometry, 100);
[3.403s]       |   [01;31m[K^~~~~~~~~~~~~~~~~~~[m[K
[3.403s]       |   [32m[Kcount_publishers[m[K
[3.420s] [01m[K/home/ws/src/pcl_example/src/pcl_example.cpp:63:3:[m[K [01;31m[Kerror: [m[Kâ€˜[01m[Kprevious_cloud_[m[Kâ€™ was not declared in this scope
[3.420s]    63 |   [01;31m[Kprevious_cloud_[m[K = std::make_shared<pcl::PointCloud<pcl::PointXYZ>>();
[3.420s]       |   [01;31m[K^~~~~~~~~~~~~~~[m[K
[3.459s] [01m[K/home/ws/src/pcl_example/src/pcl_example.cpp:[m[K In member function â€˜[01m[Kvoid Pcl_Example::topic_callback(sensor_msgs::msg::PointCloud2_<std::allocator<void> >::SharedPtr)[m[Kâ€™:
[3.459s] [01m[K/home/ws/src/pcl_example/src/pcl_example.cpp:123:9:[m[K [01;31m[Kerror: [m[Kâ€˜[01m[Kprevious_cloud_[m[Kâ€™ was not declared in this scope
[3.459s]   123 |    if (![01;31m[Kprevious_cloud_[m[K->empty())
[3.459s]       |         [01;31m[K^~~~~~~~~~~~~~~[m[K
[3.484s] [01m[K/home/ws/src/pcl_example/src/pcl_example.cpp:150:13:[m[K [01;31m[Kerror: [m[Kâ€˜[01m[Kodometry_publisher_[m[Kâ€™ was not declared in this scope; did you mean â€˜[01m[Kcount_publishers[m[Kâ€™?
[3.484s]   150 |             [01;31m[Kodometry_publisher_[m[K->publish(odom_msg);
[3.484s]       |             [01;31m[K^~~~~~~~~~~~~~~~~~~[m[K
[3.484s]       |             [32m[Kcount_publishers[m[K
[3.494s] [01m[K/home/ws/src/pcl_example/src/pcl_example.cpp:159:6:[m[K [01;31m[Kerror: [m[Kâ€˜[01m[Kprevious_cloud_[m[Kâ€™ was not declared in this scope
[3.494s]   159 |     *[01;31m[Kprevious_cloud_[m[K = *cloud_filtered;
[3.495s]       |      [01;31m[K^~~~~~~~~~~~~~~[m[K
[7.510s] gmake[2]: *** [CMakeFiles/pcl_example_node.dir/build.make:90: CMakeFiles/pcl_example_node.dir/src/pcl_example.cpp.o] Error 1
[7.510s] gmake[1]: *** [CMakeFiles/Makefile2:137: CMakeFiles/pcl_example_node.dir/all] Error 2
[7.510s] gmake: *** [Makefile:146: all] Error 2
[7.513s] Invoked command in '/home/ws/src/pcl_example/build/pcl_example' returned '2': CMAKE_PREFIX_PATH=${CMAKE_PREFIX_PATH}:/opt/ros/humble /usr/bin/cmake --build /home/ws/src/pcl_example/build/pcl_example -- -j20 -l20
