[0.007s] Invoking command in '/home/ws/src/pcl_example/build/pcl_example': CMAKE_PREFIX_PATH=${CMAKE_PREFIX_PATH}:/opt/ros/humble /usr/bin/cmake --build /home/ws/src/pcl_example/build/pcl_example -- -j20 -l20
[0.035s] [35m[1mConsolidate compiler generated dependencies of target pcl_example_node[0m
[0.053s] [ 33%] [32mBuilding CXX object CMakeFiles/pcl_example_node.dir/src/pcl_example_node.cpp.o[0m
[0.055s] [ 66%] [32mBuilding CXX object CMakeFiles/pcl_example_node.dir/src/pcl_example.cpp.o[0m
[2.524s] In file included from [01m[K/home/ws/src/pcl_example/src/pcl_example_node.cpp:16[m[K:
[2.524s] [01m[K/home/ws/src/pcl_example/include/pcl_example/pcl_example_node.hpp:32:17:[m[K [01;31m[Kerror: [m[Kexpected â€˜[01m[K;[m[Kâ€™ at end of member declaration
[2.524s]    32 |     std::string [01;31m[Kparam_topic_aligned_cloud[m[K
[2.524s]       |                 [01;31m[K^~~~~~~~~~~~~~~~~~~~~~~~~[m[K
[2.524s]       |                                          [32m[K;[m[K
[2.834s] gmake[2]: *** [CMakeFiles/pcl_example_node.dir/build.make:76: CMakeFiles/pcl_example_node.dir/src/pcl_example_node.cpp.o] Error 1
[2.834s] gmake[2]: *** Waiting for unfinished jobs....
[2.845s] In file included from [01m[K/home/ws/src/pcl_example/src/pcl_example.cpp:26[m[K:
[2.845s] [01m[K/home/ws/src/pcl_example/include/pcl_example/pcl_example_node.hpp:32:17:[m[K [01;31m[Kerror: [m[Kexpected â€˜[01m[K;[m[Kâ€™ at end of member declaration
[2.845s]    32 |     std::string [01;31m[Kparam_topic_aligned_cloud[m[K
[2.845s]       |                 [01;31m[K^~~~~~~~~~~~~~~~~~~~~~~~~[m[K
[2.845s]       |                                          [32m[K;[m[K
[7.044s] gmake[2]: *** [CMakeFiles/pcl_example_node.dir/build.make:90: CMakeFiles/pcl_example_node.dir/src/pcl_example.cpp.o] Error 1
[7.044s] gmake[1]: *** [CMakeFiles/Makefile2:137: CMakeFiles/pcl_example_node.dir/all] Error 2
[7.045s] gmake: *** [Makefile:146: all] Error 2
[7.046s] Invoked command in '/home/ws/src/pcl_example/build/pcl_example' returned '2': CMAKE_PREFIX_PATH=${CMAKE_PREFIX_PATH}:/opt/ros/humble /usr/bin/cmake --build /home/ws/src/pcl_example/build/pcl_example -- -j20 -l20
