[0.007s] Invoking command in '/home/ws/src/pcl_example/build/pcl_example': CMAKE_PREFIX_PATH=${CMAKE_PREFIX_PATH}:/opt/ros/humble /usr/bin/cmake --build /home/ws/src/pcl_example/build/pcl_example -- -j20 -l20
[0.036s] [35m[1mConsolidate compiler generated dependencies of target pcl_example_node[0m
[0.056s] [ 33%] [32mBuilding CXX object CMakeFiles/pcl_example_node.dir/src/pcl_example.cpp.o[0m
[3.255s] [01m[K/home/ws/src/pcl_example/src/pcl_example.cpp:[m[K In member function â€˜[01m[Kvoid Pcl_Example::topic_callback(sensor_msgs::msg::PointCloud2_<std::allocator<void> >::SharedPtr)[m[Kâ€™:
[3.255s] [01m[K/home/ws/src/pcl_example/src/pcl_example.cpp:125:9:[m[K [01;31m[Kerror: [m[Kâ€˜[01m[Kprevious_cloud_[m[Kâ€™ was not declared in this scope; did you mean â€˜[01m[Kprevious_cloud[m[Kâ€™?
[3.256s]   125 |    if (![01;31m[Kprevious_cloud_[m[K->empty())
[3.256s]       |         [01;31m[K^~~~~~~~~~~~~~~[m[K
[3.256s]       |         [32m[Kprevious_cloud[m[K
[3.277s] [01m[K/home/ws/src/pcl_example/src/pcl_example.cpp:161:6:[m[K [01;31m[Kerror: [m[Kâ€˜[01m[Kprevious_cloud_[m[Kâ€™ was not declared in this scope; did you mean â€˜[01m[Kprevious_cloud[m[Kâ€™?
[3.277s]   161 |     *[01;31m[Kprevious_cloud_[m[K = *cloud_filtered;
[3.277s]       |      [01;31m[K^~~~~~~~~~~~~~~[m[K
[3.277s]       |      [32m[Kprevious_cloud[m[K
[7.220s] gmake[2]: *** [CMakeFiles/pcl_example_node.dir/build.make:90: CMakeFiles/pcl_example_node.dir/src/pcl_example.cpp.o] Error 1
[7.221s] gmake[1]: *** [CMakeFiles/Makefile2:137: CMakeFiles/pcl_example_node.dir/all] Error 2
[7.221s] gmake: *** [Makefile:146: all] Error 2
[7.223s] Invoked command in '/home/ws/src/pcl_example/build/pcl_example' returned '2': CMAKE_PREFIX_PATH=${CMAKE_PREFIX_PATH}:/opt/ros/humble /usr/bin/cmake --build /home/ws/src/pcl_example/build/pcl_example -- -j20 -l20
