-- Found ament_cmake: 1.3.9 (/opt/ros/humble/share/ament_cmake/cmake)
-- Override CMake install command with custom implementation using symlinks instead of copying resources
-- Found rclcpp: 16.0.9 (/opt/ros/humble/share/rclcpp/cmake)
-- Found rosidl_generator_c: 3.1.5 (/opt/ros/humble/share/rosidl_generator_c/cmake)
-- Found rosidl_adapter: 3.1.5 (/opt/ros/humble/share/rosidl_adapter/cmake)
-- Found rosidl_generator_cpp: 3.1.5 (/opt/ros/humble/share/rosidl_generator_cpp/cmake)
-- Using all available rosidl_typesupport_c: rosidl_typesupport_fastrtps_c;rosidl_typesupport_introspection_c
-- Using all available rosidl_typesupport_cpp: rosidl_typesupport_fastrtps_cpp;rosidl_typesupport_introspection_cpp
-- Found rmw_implementation_cmake: 6.1.2 (/opt/ros/humble/share/rmw_implementation_cmake/cmake)
-- Found rmw_fastrtps_cpp: 6.2.6 (/opt/ros/humble/share/rmw_fastrtps_cpp/cmake)
-- Using RMW implementation 'rmw_fastrtps_cpp' as default
-- Found sensor_msgs: 4.2.4 (/opt/ros/humble/share/sensor_msgs/cmake)
-- Found nav_msgs: 4.2.4 (/opt/ros/humble/share/nav_msgs/cmake)
-- Found pcl_conversions: 2.4.0 (/opt/ros/humble/share/pcl_conversions/cmake)
-- Eigen found (include: /usr/include/eigen3, version: 3.4.0)
-- FLANN found (include: /usr/include, lib: /usr/lib/x86_64-linux-gnu/libflann_cpp.so)
-- OpenNI found (version: 1.5.4.0, include: /usr/include/ni, lib: /usr/lib/libOpenNI.so;libusb::libusb)
[0m** WARNING ** io features related to pcap will be disabled[0m
-- OpenNI2 found (version: 2.2.0.33, include: /usr/include/openni2, lib: /usr/lib/x86_64-linux-gnu/libOpenNI2.so;libusb::libusb)
-- Eigen found (include: /usr/include/eigen3, version: 3.4.0)
-- OpenNI found (version: 1.5.4.0, include: /usr/include/ni, lib: /usr/lib/libOpenNI.so;libusb::libusb)
-- OpenNI2 found (version: 2.2.0.33, include: /usr/include/openni2, lib: /usr/lib/x86_64-linux-gnu/libOpenNI2.so;libusb::libusb)
-- Found Qhull version 8.0.2
-- OpenNI found (version: 1.5.4.0, include: /usr/include/ni, lib: /usr/lib/libOpenNI.so;libusb::libusb)
-- looking for PCL_COMMON
-- looking for PCL_KDTREE
-- looking for PCL_OCTREE
-- looking for PCL_SEARCH
-- looking for PCL_SAMPLE_CONSENSUS
-- looking for PCL_FILTERS
-- looking for PCL_2D
-- looking for PCL_GEOMETRY
-- looking for PCL_IO
-- looking for PCL_FEATURES
-- looking for PCL_ML
-- looking for PCL_SEGMENTATION
-- looking for PCL_VISUALIZATION
-- looking for PCL_SURFACE
-- looking for PCL_REGISTRATION
-- looking for PCL_KEYPOINTS
-- looking for PCL_TRACKING
-- looking for PCL_RECOGNITION
-- looking for PCL_STEREO
-- looking for PCL_APPS
-- looking for PCL_IN_HAND_SCANNER
-- looking for PCL_MODELER
-- looking for PCL_POINT_CLOUD_EDITOR
-- looking for PCL_OUTOFCORE
-- looking for PCL_PEOPLE
-- Found launch_testing_ament_cmake: 1.0.6 (/opt/ros/humble/share/launch_testing_ament_cmake/cmake)
-- Found python_cmake_module: 0.10.0 (/opt/ros/humble/share/python_cmake_module/cmake)
-- Using PYTHON_EXECUTABLE: /usr/bin/python3
-- Using PYTHON_INCLUDE_DIRS: /usr/include/python3.10
-- Using PYTHON_LIBRARIES: /usr/lib/x86_64-linux-gnu/libpython3.10.so
-- Configuring done
-- Generating done
-- Build files have been written to: /home/ws/src/pcl_example/build/pcl_example
[35m[1mConsolidate compiler generated dependencies of target pcl_example_node[0m
[ 33%] [32mBuilding CXX object CMakeFiles/pcl_example_node.dir/src/pcl_example_node.cpp.o[0m
[ 66%] [32mBuilding CXX object CMakeFiles/pcl_example_node.dir/src/pcl_example.cpp.o[0m
In file included from [01m[K/home/ws/src/pcl_example/src/pcl_example_node.cpp:16[m[K:
[01m[K/home/ws/src/pcl_example/include/pcl_example/pcl_example_node.hpp:59:23:[m[K [01;31m[Kerror: [m[Kâ€˜[01m[Knav_msgs[m[Kâ€™ was not declared in this scope
   59 |     rclcpp::Publisher<[01;31m[Knav_msgs[m[K::msg::Odometry>::SharedPtr odometry_publisher_;
      |                       [01;31m[K^~~~~~~~[m[K
[01m[K/home/ws/src/pcl_example/include/pcl_example/pcl_example_node.hpp:59:46:[m[K [01;31m[Kerror: [m[Ktemplate argument 1 is invalid
   59 |     rclcpp::Publisher<nav_msgs::msg::Odometry[01;31m[K>[m[K::SharedPtr odometry_publisher_;
      |                                              [01;31m[K^[m[K
[01m[K/home/ws/src/pcl_example/include/pcl_example/pcl_example_node.hpp:59:49:[m[K [01;31m[Kerror: [m[Kexpected â€˜[01m[K;[m[Kâ€™ at end of member declaration
   59 |     rclcpp::Publisher<nav_msgs::msg::Odometry>::[01;31m[KSharedPtr[m[K odometry_publisher_;
      |                                                 [01;31m[K^~~~~~~~~[m[K
      |                                                          [32m[K;[m[K
[01m[K/home/ws/src/pcl_example/include/pcl_example/pcl_example_node.hpp:59:59:[m[K [01;31m[Kerror: [m[Kâ€˜[01m[Kodometry_publisher_[m[Kâ€™ does not name a type
   59 |     rclcpp::Publisher<nav_msgs::msg::Odometry>::SharedPtr [01;31m[Kodometry_publisher_[m[K;
      |                                                           [01;31m[K^~~~~~~~~~~~~~~~~~~[m[K
gmake[2]: *** [CMakeFiles/pcl_example_node.dir/build.make:76: CMakeFiles/pcl_example_node.dir/src/pcl_example_node.cpp.o] Error 1
gmake[2]: *** Waiting for unfinished jobs....
In file included from [01m[K/home/ws/src/pcl_example/src/pcl_example.cpp:26[m[K:
[01m[K/home/ws/src/pcl_example/include/pcl_example/pcl_example_node.hpp:59:23:[m[K [01;31m[Kerror: [m[Kâ€˜[01m[Knav_msgs[m[Kâ€™ was not declared in this scope
   59 |     rclcpp::Publisher<[01;31m[Knav_msgs[m[K::msg::Odometry>::SharedPtr odometry_publisher_;
      |                       [01;31m[K^~~~~~~~[m[K
[01m[K/home/ws/src/pcl_example/include/pcl_example/pcl_example_node.hpp:59:46:[m[K [01;31m[Kerror: [m[Ktemplate argument 1 is invalid
   59 |     rclcpp::Publisher<nav_msgs::msg::Odometry[01;31m[K>[m[K::SharedPtr odometry_publisher_;
      |                                              [01;31m[K^[m[K
[01m[K/home/ws/src/pcl_example/include/pcl_example/pcl_example_node.hpp:59:49:[m[K [01;31m[Kerror: [m[Kexpected â€˜[01m[K;[m[Kâ€™ at end of member declaration
   59 |     rclcpp::Publisher<nav_msgs::msg::Odometry>::[01;31m[KSharedPtr[m[K odometry_publisher_;
      |                                                 [01;31m[K^~~~~~~~~[m[K
      |                                                          [32m[K;[m[K
[01m[K/home/ws/src/pcl_example/include/pcl_example/pcl_example_node.hpp:59:59:[m[K [01;31m[Kerror: [m[Kâ€˜[01m[Kodometry_publisher_[m[Kâ€™ does not name a type
   59 |     rclcpp::Publisher<nav_msgs::msg::Odometry>::SharedPtr [01;31m[Kodometry_publisher_[m[K;
      |                                                           [01;31m[K^~~~~~~~~~~~~~~~~~~[m[K
[01m[K/home/ws/src/pcl_example/src/pcl_example.cpp:[m[K In constructor â€˜[01m[KPcl_Example::Pcl_Example(const rclcpp::NodeOptions&)[m[Kâ€™:
[01m[K/home/ws/src/pcl_example/src/pcl_example.cpp:59:3:[m[K [01;31m[Kerror: [m[Kâ€˜[01m[Kodometry_publisher_[m[Kâ€™ was not declared in this scope; did you mean â€˜[01m[Kcount_publishers[m[Kâ€™?
   59 |   [01;31m[Kodometry_publisher_[m[K = this->create_publisher<nav_msgs::msg::Odometry>(param_topic_odometry, 100);
      |   [01;31m[K^~~~~~~~~~~~~~~~~~~[m[K
      |   [32m[Kcount_publishers[m[K
[01m[K/home/ws/src/pcl_example/src/pcl_example.cpp:63:3:[m[K [01;31m[Kerror: [m[Kâ€˜[01m[Kprevious_cloud_[m[Kâ€™ was not declared in this scope
   63 |   [01;31m[Kprevious_cloud_[m[K = std::make_shared<pcl::PointCloud<pcl::PointXYZ>>();
      |   [01;31m[K^~~~~~~~~~~~~~~[m[K
[01m[K/home/ws/src/pcl_example/src/pcl_example.cpp:[m[K In member function â€˜[01m[Kvoid Pcl_Example::topic_callback(sensor_msgs::msg::PointCloud2_<std::allocator<void> >::SharedPtr)[m[Kâ€™:
[01m[K/home/ws/src/pcl_example/src/pcl_example.cpp:123:9:[m[K [01;31m[Kerror: [m[Kâ€˜[01m[Kprevious_cloud_[m[Kâ€™ was not declared in this scope
  123 |    if (![01;31m[Kprevious_cloud_[m[K->empty())
      |         [01;31m[K^~~~~~~~~~~~~~~[m[K
[01m[K/home/ws/src/pcl_example/src/pcl_example.cpp:150:13:[m[K [01;31m[Kerror: [m[Kâ€˜[01m[Kodometry_publisher_[m[Kâ€™ was not declared in this scope; did you mean â€˜[01m[Kcount_publishers[m[Kâ€™?
  150 |             [01;31m[Kodometry_publisher_[m[K->publish(odom_msg);
      |             [01;31m[K^~~~~~~~~~~~~~~~~~~[m[K
      |             [32m[Kcount_publishers[m[K
[01m[K/home/ws/src/pcl_example/src/pcl_example.cpp:159:6:[m[K [01;31m[Kerror: [m[Kâ€˜[01m[Kprevious_cloud_[m[Kâ€™ was not declared in this scope
  159 |     *[01;31m[Kprevious_cloud_[m[K = *cloud_filtered;
      |      [01;31m[K^~~~~~~~~~~~~~~[m[K
gmake[2]: *** [CMakeFiles/pcl_example_node.dir/build.make:90: CMakeFiles/pcl_example_node.dir/src/pcl_example.cpp.o] Error 1
gmake[1]: *** [CMakeFiles/Makefile2:137: CMakeFiles/pcl_example_node.dir/all] Error 2
gmake: *** [Makefile:146: all] Error 2
