[0.006s] Invoking command in '/home/ws/src/pcl_example/build/pcl_example': CMAKE_PREFIX_PATH=${CMAKE_PREFIX_PATH}:/opt/ros/humble /usr/bin/cmake --build /home/ws/src/pcl_example/build/pcl_example -- -j20 -l20
[0.035s] [35m[1mConsolidate compiler generated dependencies of target pcl_example_node[0m
[0.054s] [ 33%] [32mBuilding CXX object CMakeFiles/pcl_example_node.dir/src/pcl_example.cpp.o[0m
[3.004s] [01m[K/home/ws/src/pcl_example/src/pcl_example.cpp:[m[K In member function â€˜[01m[Kvoid Pcl_Example::topic_callback(sensor_msgs::msg::PointCloud2_<std::allocator<void> >::SharedPtr)[m[Kâ€™:
[3.004s] [01m[K/home/ws/src/pcl_example/src/pcl_example.cpp:101:3:[m[K [01;31m[Kerror: [m[Kâ€˜[01m[Kcloud_out[m[Kâ€™ was not declared in this scope; did you mean â€˜[01m[Kcloud_xyz[m[Kâ€™?
[3.004s]   101 |   [01;31m[Kcloud_out[m[K.header.frame_id = msg->header.frame_id;
[3.004s]       |   [01;31m[K^~~~~~~~~[m[K
[3.004s]       |   [32m[Kcloud_xyz[m[K
[5.089s] gmake[2]: *** [CMakeFiles/pcl_example_node.dir/build.make:90: CMakeFiles/pcl_example_node.dir/src/pcl_example.cpp.o] Error 1
[5.089s] gmake[1]: *** [CMakeFiles/Makefile2:137: CMakeFiles/pcl_example_node.dir/all] Error 2
[5.089s] gmake: *** [Makefile:146: all] Error 2
[5.091s] Invoked command in '/home/ws/src/pcl_example/build/pcl_example' returned '2': CMAKE_PREFIX_PATH=${CMAKE_PREFIX_PATH}:/opt/ros/humble /usr/bin/cmake --build /home/ws/src/pcl_example/build/pcl_example -- -j20 -l20
