[0.013s] Invoking command in '/home/ws/src/pcl_example/build/pcl_example': CMAKE_PREFIX_PATH=${CMAKE_PREFIX_PATH}:/opt/ros/humble /usr/bin/cmake --build /home/ws/src/pcl_example/build/pcl_example -- -j20 -l20
[0.045s] [35m[1mConsolidate compiler generated dependencies of target pcl_example_node[0m
[0.064s] [ 33%] [32mBuilding CXX object CMakeFiles/pcl_example_node.dir/src/pcl_example.cpp.o[0m
[2.959s] [01m[K/home/ws/src/pcl_example/src/pcl_example.cpp:[m[K In member function â€˜[01m[Kvoid Pcl_Example::topic_callback(sensor_msgs::msg::PointCloud2_<std::allocator<void> >::SharedPtr)[m[Kâ€™:
[2.959s] [01m[K/home/ws/src/pcl_example/src/pcl_example.cpp:66:18:[m[K [01;31m[Kerror: [m[Kâ€˜[01m[Khigh_resolution_clock[m[Kâ€™ has not been declared
[2.959s]    66 |     auto start = [01;31m[Khigh_resolution_clock[m[K::now();
[2.959s]       |                  [01;31m[K^~~~~~~~~~~~~~~~~~~~~[m[K
[2.965s] [01m[K/home/ws/src/pcl_example/src/pcl_example.cpp:110:14:[m[K [01;31m[Kerror: [m[Kâ€˜[01m[Khigh_resolution_clock[m[Kâ€™ has not been declared
[2.965s]   110 |   auto end = [01;31m[Khigh_resolution_clock[m[K::now();
[2.965s]       |              [01;31m[K^~~~~~~~~~~~~~~~~~~~~[m[K
[2.965s] [01m[K/home/ws/src/pcl_example/src/pcl_example.cpp:111:19:[m[K [01;31m[Kerror: [m[Kâ€˜[01m[Kduration_cast[m[Kâ€™ was not declared in this scope
[2.965s]   111 |   auto duration = [01;31m[Kduration_cast[m[K<microseconds>(end - start).count();
[2.965s]       |                   [01;31m[K^~~~~~~~~~~~~[m[K
[2.965s] [01m[K/home/ws/src/pcl_example/src/pcl_example.cpp:111:19:[m[K [01;36m[Knote: [m[Ksuggested alternatives:
[2.966s] In file included from [01m[K/home/ws/src/pcl_example/src/pcl_example.cpp:18[m[K:
[2.966s] [01m[K/usr/include/c++/11/chrono:267:7:[m[K [01;36m[Knote: [m[K  â€˜[01m[Kstd::chrono::duration_cast[m[Kâ€™
[2.966s]   267 |       [01;36m[Kduration_cast[m[K(const duration<_Rep, _Period>& __d)
[2.966s]       |       [01;36m[K^~~~~~~~~~~~~[m[K
[2.966s] [01m[K/usr/include/c++/11/chrono:267:7:[m[K [01;36m[Knote: [m[K  â€˜[01m[Kstd::chrono::duration_cast[m[Kâ€™
[2.966s] [01m[K/home/ws/src/pcl_example/src/pcl_example.cpp:111:33:[m[K [01;31m[Kerror: [m[Kâ€˜[01m[Kmicroseconds[m[Kâ€™ was not declared in this scope
[2.966s]   111 |   auto duration = duration_cast<[01;31m[Kmicroseconds[m[K>(end - start).count();
[2.966s]       |                                 [01;31m[K^~~~~~~~~~~~[m[K
[2.966s] [01m[K/home/ws/src/pcl_example/src/pcl_example.cpp:111:33:[m[K [01;36m[Knote: [m[Ksuggested alternatives:
[2.966s] In file included from [01m[K/home/ws/src/pcl_example/src/pcl_example.cpp:18[m[K:
[2.966s] [01m[K/usr/include/c++/11/chrono:841:11:[m[K [01;36m[Knote: [m[K  â€˜[01m[Kstd::chrono::microseconds[m[Kâ€™
[2.966s]   841 |     using [01;36m[Kmicroseconds[m[K  = duration<_GLIBCXX_CHRONO_INT64_T, micro>;
[2.966s]       |           [01;36m[K^~~~~~~~~~~~[m[K
[2.966s] In file included from [01m[K/usr/include/boost/interprocess/detail/posix_time_types_wrk.hpp:33[m[K,
[2.966s]                  from [01m[K/usr/include/boost/interprocess/detail/os_thread_functions.hpp:36[m[K,
[2.967s]                  from [01m[K/usr/include/boost/interprocess/sync/file_lock.hpp:26[m[K,
[2.967s]                  from [01m[K/usr/include/pcl-1.12/pcl/io/pcd_io.h:46[m[K,
[2.967s]                  from [01m[K/home/ws/src/pcl_example/src/pcl_example.cpp:28[m[K:
[2.967s] [01m[K/usr/include/boost/date_time/posix_time/posix_time_duration.hpp:74:64:[m[K [01;36m[Knote: [m[K  â€˜[01m[Kboost::posix_time::microseconds[m[Kâ€™
[2.967s]    74 |   typedef date_time::subsecond_duration<time_duration,1000000> [01;36m[Kmicroseconds[m[K;
[2.967s]       |                                                                [01;36m[K^~~~~~~~~~~~[m[K
[5.015s] gmake[2]: *** [CMakeFiles/pcl_example_node.dir/build.make:90: CMakeFiles/pcl_example_node.dir/src/pcl_example.cpp.o] Error 1
[5.015s] gmake[1]: *** [CMakeFiles/Makefile2:137: CMakeFiles/pcl_example_node.dir/all] Error 2
[5.016s] gmake: *** [Makefile:146: all] Error 2
[5.017s] Invoked command in '/home/ws/src/pcl_example/build/pcl_example' returned '2': CMAKE_PREFIX_PATH=${CMAKE_PREFIX_PATH}:/opt/ros/humble /usr/bin/cmake --build /home/ws/src/pcl_example/build/pcl_example -- -j20 -l20
